\BOOKMARK [1][-]{section.1}{\376\377\000\334\000b\000e\000r\000\040\000d\000a\000s\000\040\000D\000o\000k\000u\000m\000e\000n\000t}{}% 1
\BOOKMARK [2][-]{subsection.1.1}{\376\377\000D\000o\000k\000u\000m\000e\000n\000t\000h\000i\000s\000t\000o\000r\000i\000e}{section.1}% 2
\BOOKMARK [1][-]{section.2}{\376\377\000S\000y\000s\000t\000e\000m\000\374\000b\000e\000r\000s\000i\000c\000h\000t\000\040\000u\000n\000d\000\040\000D\000a\000t\000e\000n\000m\000o\000d\000e\000l}{}% 3
\BOOKMARK [2][-]{subsection.2.1}{\376\377\000S\000y\000s\000t\000e\000m\000\374\000b\000e\000r\000s\000i\000c\000h\000t}{section.2}% 4
\BOOKMARK [3][-]{subsubsection.2.1.1}{\376\377\000U\000s\000e\000c\000a\000s\000e\000:\000\040\000B\000e\000n\000u\000t\000z\000e\000r\000\040\000R\000e\000g\000i\000s\000t\000i\000e\000r\000e\000n}{subsection.2.1}% 5
\BOOKMARK [3][-]{subsubsection.2.1.2}{\376\377\000U\000s\000e\000c\000a\000s\000e\000:\000\040\000B\000e\000n\000u\000t\000z\000e\000r\000\040\000A\000n\000m\000e\000l\000d\000e\000n}{subsection.2.1}% 6
\BOOKMARK [3][-]{subsubsection.2.1.3}{\376\377\000U\000s\000e\000c\000a\000s\000e\000:\000\040\000T\000e\000a\000m\000\040\000e\000r\000s\000t\000e\000l\000l\000e\000n\000\040\000\046\000\040\000b\000e\000i\000t\000r\000e\000t\000t\000e\000n}{subsection.2.1}% 7
\BOOKMARK [3][-]{subsubsection.2.1.4}{\376\377\000U\000s\000e\000c\000a\000s\000e\000:\000\040\000Q\000u\000i\000z\000\040\000e\000r\000s\000t\000e\000l\000l\000e\000n}{subsection.2.1}% 8
\BOOKMARK [3][-]{subsubsection.2.1.5}{\376\377\000U\000s\000e\000c\000a\000s\000e\000:\000\040\000Q\000u\000i\000z\000\040\000d\000u\000r\000c\000h\000f\000\374\000h\000r\000e\000n}{subsection.2.1}% 9
\BOOKMARK [3][-]{subsubsection.2.1.6}{\376\377\000U\000s\000e\000c\000a\000s\000e\000:\000\040\000T\000e\000a\000m\000s\000\040\000\046\000\040\000N\000u\000t\000z\000e\000r\000\040\000v\000e\000r\000g\000l\000e\000i\000c\000h\000e\000n}{subsection.2.1}% 10
\BOOKMARK [2][-]{subsection.2.2}{\376\377\000P\000r\000o\000j\000e\000k\000t\000a\000u\000f\000b\000a\000u\000\040\000\046\000\040\000F\000r\000a\000m\000e\000w\000o\000r\000k\000s}{section.2}% 11
\BOOKMARK [2][-]{subsection.2.3}{\376\377\000D\000a\000t\000e\000n\000m\000o\000d\000e\000l\000l\000e}{section.2}% 12
\BOOKMARK [3][-]{subsubsection.2.3.1}{\376\377\000B\000a\000c\000k\000e\000n\000d\000\040\000M\000o\000d\000e\000l\000l\000e}{subsection.2.3}% 13
\BOOKMARK [3][-]{subsubsection.2.3.2}{\376\377\000D\000a\000t\000e\000n\000b\000a\000n\000k\000\040\000M\000o\000d\000e\000l\000l\000e}{subsection.2.3}% 14
\BOOKMARK [3][-]{subsubsection.2.3.3}{\376\377\000A\000P\000I\000\040\000M\000o\000d\000e\000l\000l\000e}{subsection.2.3}% 15
\BOOKMARK [2][-]{subsection.2.4}{\376\377\000K\000o\000m\000m\000u\000n\000i\000k\000a\000t\000i\000o\000n\000\040\000z\000w\000i\000s\000c\000h\000e\000n\000\040\000F\000r\000o\000n\000t\000e\000n\000d\000\040\000u\000n\000d\000\040\000B\000a\000c\000k\000e\000n\000d}{section.2}% 16
\BOOKMARK [3][-]{subsubsection.2.4.1}{\376\377\000K\000o\000m\000m\000u\000n\000i\000k\000a\000t\000i\000o\000n\000s\000\040\000S\000c\000h\000n\000i\000t\000t\000s\000t\000e\000l\000l\000e}{subsection.2.4}% 17
\BOOKMARK [3][-]{subsubsection.2.4.2}{\376\377\000A\000P\000I\000-\000S\000c\000h\000n\000i\000t\000t\000s\000t\000e\000l\000l\000e\000n}{subsection.2.4}% 18
\BOOKMARK [3][-]{subsubsection.2.4.3}{\376\377\000D\000a\000t\000e\000n\000f\000l\000o\000w\000\040\000i\000m\000\040\000B\000a\000c\000k\000e\000n\000d}{subsection.2.4}% 19
\BOOKMARK [1][-]{section.3}{\376\377\000U\000s\000e\000r\000\040\000I\000n\000t\000e\000r\000f\000a\000c\000e}{}% 20
\BOOKMARK [2][-]{subsection.3.1}{\376\377\000D\000e\000s\000i\000g\000n}{section.3}% 21
\BOOKMARK [2][-]{subsection.3.2}{\376\377\000N\000a\000v\000i\000g\000a\000t\000i\000o\000n}{section.3}% 22
\BOOKMARK [2][-]{subsection.3.3}{\376\377\000S\000e\000i\000t\000e\000n}{section.3}% 23
\BOOKMARK [1][-]{section.4}{\376\377\000H\000o\000s\000t\000i\000n\000g\000\040\000\046\000\040\000D\000e\000p\000l\000o\000y\000m\000e\000n\000t}{}% 24
\BOOKMARK [2][-]{subsection.4.1}{\376\377\000C\000I\000\040\000/\000\040\000C\000D}{section.4}% 25
\BOOKMARK [2][-]{subsection.4.2}{\376\377\000D\000e\000p\000l\000o\000y\000m\000e\000n\000t}{section.4}% 26
\BOOKMARK [2][-]{subsection.4.3}{\376\377\000H\000o\000s\000t\000i\000n\000g\000\040\000\046\000\040\000O\000p\000e\000r\000a\000t\000i\000o\000n}{section.4}% 27
